The MPI test test_mpi for C in mode normal failed to compile with the following output:
Change Dir: D:/Coding/BSU/Computere Architecture/Lab1/cmake-build-debug/CMakeFiles/CMakeTmp

Run Build Command(s):C:/dev/mingw/mingw64/bin/mingw32-make.exe cmTC_56fbc/fast && C:/dev/mingw/mingw64/bin/mingw32-make.exe  -f CMakeFiles\cmTC_56fbc.dir\build.make CMakeFiles/cmTC_56fbc.dir/build
mingw32-make.exe[1]: Entering directory 'D:/Coding/BSU/Computere Architecture/Lab1/cmake-build-debug/CMakeFiles/CMakeTmp'
Building C object CMakeFiles/cmTC_56fbc.dir/test_mpi.c.obj
C:\dev\mingw\mingw64\bin\gcc.exe   -std=gnu11 -o CMakeFiles\cmTC_56fbc.dir\test_mpi.c.obj   -c "C:\Program Files\JetBrains\CLion 2019.1.4\bin\cmake\win\share\cmake-3.17\Modules\FindMPI\test_mpi.c"
C:\Program Files\JetBrains\CLion 2019.1.4\bin\cmake\win\share\cmake-3.17\Modules\FindMPI\test_mpi.c:1:10: fatal error: mpi.h: No such file or directory
 #include <mpi.h>
          ^~~~~~~
compilation terminated.
mingw32-make.exe[1]: *** [CMakeFiles\cmTC_56fbc.dir\build.make:85: CMakeFiles/cmTC_56fbc.dir/test_mpi.c.obj] Error 1
mingw32-make.exe[1]: Leaving directory 'D:/Coding/BSU/Computere Architecture/Lab1/cmake-build-debug/CMakeFiles/CMakeTmp'
mingw32-make.exe: *** [Makefile:140: cmTC_56fbc/fast] Error 2



The MPI test test_mpi for C in mode normal failed to compile with the following output:
Change Dir: D:/Coding/BSU/Computere Architecture/Lab1/cmake-build-debug/CMakeFiles/CMakeTmp

Run Build Command(s):C:/dev/mingw/mingw64/bin/mingw32-make.exe cmTC_a8dd3/fast && C:/dev/mingw/mingw64/bin/mingw32-make.exe  -f CMakeFiles\cmTC_a8dd3.dir\build.make CMakeFiles/cmTC_a8dd3.dir/build
mingw32-make.exe[1]: Entering directory 'D:/Coding/BSU/Computere Architecture/Lab1/cmake-build-debug/CMakeFiles/CMakeTmp'
Building C object CMakeFiles/cmTC_a8dd3.dir/test_mpi.c.obj
C:\dev\mingw\mingw64\bin\gcc.exe   -std=gnu11 -o CMakeFiles\cmTC_a8dd3.dir\test_mpi.c.obj   -c "C:\Program Files\JetBrains\CLion 2019.1.4\bin\cmake\win\share\cmake-3.17\Modules\FindMPI\test_mpi.c"
C:\Program Files\JetBrains\CLion 2019.1.4\bin\cmake\win\share\cmake-3.17\Modules\FindMPI\test_mpi.c:1:10: fatal error: mpi.h: No such file or directory
 #include <mpi.h>
          ^~~~~~~
compilation terminated.
mingw32-make.exe[1]: *** [CMakeFiles\cmTC_a8dd3.dir\build.make:85: CMakeFiles/cmTC_a8dd3.dir/test_mpi.c.obj] Error 1
mingw32-make.exe[1]: Leaving directory 'D:/Coding/BSU/Computere Architecture/Lab1/cmake-build-debug/CMakeFiles/CMakeTmp'
mingw32-make.exe: *** [Makefile:140: cmTC_a8dd3/fast] Error 2



The MPI test test_mpi for C in mode normal failed to compile with the following output:
Change Dir: D:/Coding/BSU/Computere Architecture/Lab1/cmake-build-debug/CMakeFiles/CMakeTmp

Run Build Command(s):C:/dev/mingw/mingw64/bin/mingw32-make.exe cmTC_879be/fast && C:/dev/mingw/mingw64/bin/mingw32-make.exe  -f CMakeFiles\cmTC_879be.dir\build.make CMakeFiles/cmTC_879be.dir/build
mingw32-make.exe[1]: Entering directory 'D:/Coding/BSU/Computere Architecture/Lab1/cmake-build-debug/CMakeFiles/CMakeTmp'
Building C object CMakeFiles/cmTC_879be.dir/test_mpi.c.obj
C:\dev\mingw\mingw64\bin\gcc.exe   -std=gnu11 -o CMakeFiles\cmTC_879be.dir\test_mpi.c.obj   -c "C:\Program Files\JetBrains\CLion 2019.1.4\bin\cmake\win\share\cmake-3.17\Modules\FindMPI\test_mpi.c"
C:\Program Files\JetBrains\CLion 2019.1.4\bin\cmake\win\share\cmake-3.17\Modules\FindMPI\test_mpi.c:1:10: fatal error: mpi.h: No such file or directory
 #include <mpi.h>
          ^~~~~~~
compilation terminated.
mingw32-make.exe[1]: *** [CMakeFiles\cmTC_879be.dir\build.make:85: CMakeFiles/cmTC_879be.dir/test_mpi.c.obj] Error 1
mingw32-make.exe[1]: Leaving directory 'D:/Coding/BSU/Computere Architecture/Lab1/cmake-build-debug/CMakeFiles/CMakeTmp'
mingw32-make.exe: *** [Makefile:140: cmTC_879be/fast] Error 2



The MPI test test_mpi for C in mode normal failed to compile with the following output:
Change Dir: D:/Coding/BSU/Computere Architecture/Lab1/cmake-build-debug/CMakeFiles/CMakeTmp

Run Build Command(s):C:/dev/mingw/mingw64/bin/mingw32-make.exe cmTC_6484b/fast && C:/dev/mingw/mingw64/bin/mingw32-make.exe  -f CMakeFiles\cmTC_6484b.dir\build.make CMakeFiles/cmTC_6484b.dir/build
mingw32-make.exe[1]: Entering directory 'D:/Coding/BSU/Computere Architecture/Lab1/cmake-build-debug/CMakeFiles/CMakeTmp'
Building C object CMakeFiles/cmTC_6484b.dir/test_mpi.c.obj
C:\dev\mingw\mingw64\bin\gcc.exe    -o CMakeFiles\cmTC_6484b.dir\test_mpi.c.obj   -c "C:\Program Files\JetBrains\CLion 2019.1.4\bin\cmake\win\share\cmake-3.17\Modules\FindMPI\test_mpi.c"
C:\Program Files\JetBrains\CLion 2019.1.4\bin\cmake\win\share\cmake-3.17\Modules\FindMPI\test_mpi.c:1:10: fatal error: mpi.h: No such file or directory
 #include <mpi.h>
          ^~~~~~~
compilation terminated.
mingw32-make.exe[1]: *** [CMakeFiles\cmTC_6484b.dir\build.make:85: CMakeFiles/cmTC_6484b.dir/test_mpi.c.obj] Error 1
mingw32-make.exe[1]: Leaving directory 'D:/Coding/BSU/Computere Architecture/Lab1/cmake-build-debug/CMakeFiles/CMakeTmp'
mingw32-make.exe: *** [Makefile:140: cmTC_6484b/fast] Error 2



The MPI test test_mpi for C in mode normal failed to compile with the following output:
Change Dir: D:/Coding/BSU/Computere Architecture/Lab1/cmake-build-debug/CMakeFiles/CMakeTmp

Run Build Command(s):C:/dev/mingw/mingw64/bin/mingw32-make.exe cmTC_0642d/fast && C:/dev/mingw/mingw64/bin/mingw32-make.exe  -f CMakeFiles\cmTC_0642d.dir\build.make CMakeFiles/cmTC_0642d.dir/build
mingw32-make.exe[1]: Entering directory 'D:/Coding/BSU/Computere Architecture/Lab1/cmake-build-debug/CMakeFiles/CMakeTmp'
Building C object CMakeFiles/cmTC_0642d.dir/test_mpi.c.obj
C:\dev\mingw\mingw64\bin\gcc.exe    -o CMakeFiles\cmTC_0642d.dir\test_mpi.c.obj   -c "C:\Program Files\JetBrains\CLion 2019.1.4\bin\cmake\win\share\cmake-3.17\Modules\FindMPI\test_mpi.c"
C:\Program Files\JetBrains\CLion 2019.1.4\bin\cmake\win\share\cmake-3.17\Modules\FindMPI\test_mpi.c:1:10: fatal error: mpi.h: No such file or directory
 #include <mpi.h>
          ^~~~~~~
compilation terminated.
mingw32-make.exe[1]: *** [CMakeFiles\cmTC_0642d.dir\build.make:85: CMakeFiles/cmTC_0642d.dir/test_mpi.c.obj] Error 1
mingw32-make.exe[1]: Leaving directory 'D:/Coding/BSU/Computere Architecture/Lab1/cmake-build-debug/CMakeFiles/CMakeTmp'
mingw32-make.exe: *** [Makefile:140: cmTC_0642d/fast] Error 2



The MPI test test_mpi for C in mode normal failed to compile with the following output:
Change Dir: D:/Coding/BSU/Computere Architecture/Lab1/cmake-build-debug/CMakeFiles/CMakeTmp

Run Build Command(s):C:/dev/mingw/mingw64/bin/mingw32-make.exe cmTC_94d88/fast && C:/dev/mingw/mingw64/bin/mingw32-make.exe  -f CMakeFiles\cmTC_94d88.dir\build.make CMakeFiles/cmTC_94d88.dir/build
mingw32-make.exe[1]: Entering directory 'D:/Coding/BSU/Computere Architecture/Lab1/cmake-build-debug/CMakeFiles/CMakeTmp'
Building C object CMakeFiles/cmTC_94d88.dir/test_mpi.c.obj
C:\dev\mingw\mingw64\bin\gcc.exe    -o CMakeFiles\cmTC_94d88.dir\test_mpi.c.obj   -c "C:\Program Files\JetBrains\CLion 2019.1.4\bin\cmake\win\share\cmake-3.17\Modules\FindMPI\test_mpi.c"
C:\Program Files\JetBrains\CLion 2019.1.4\bin\cmake\win\share\cmake-3.17\Modules\FindMPI\test_mpi.c:1:10: fatal error: mpi.h: No such file or directory
 #include <mpi.h>
          ^~~~~~~
compilation terminated.
mingw32-make.exe[1]: *** [CMakeFiles\cmTC_94d88.dir\build.make:85: CMakeFiles/cmTC_94d88.dir/test_mpi.c.obj] Error 1
mingw32-make.exe[1]: Leaving directory 'D:/Coding/BSU/Computere Architecture/Lab1/cmake-build-debug/CMakeFiles/CMakeTmp'
mingw32-make.exe: *** [Makefile:140: cmTC_94d88/fast] Error 2



